2020-06-28 15:09:49.713 [main] DEBUG com.liuurick.o2o.dao.ShopDao.insertShop - ==>  Preparing: insert into tb_shop(owner_id, area_id, shop_category_id, shop_name, shop_desc, shop_addr, phone, shop_img, priority, create_time, last_edit_time, enable_status, advice) values (?,?,?,?, ?,?,?,?,?, ?,?, ?,?)
2020-06-28 15:09:49.786 [main] DEBUG com.liuurick.o2o.dao.ShopDao.insertShop - ==> Parameters: 1(Long), 2(Integer), 1(Long), 测试的店铺3(String), test3(String), test3(String), test3(String), null, null, 2020-06-28 15:09:49.674(Timestamp), 2020-06-28 15:09:49.674(Timestamp), 0(Integer), 审核中(String)
2020-06-28 15:09:49.795 [main] DEBUG com.liuurick.o2o.dao.ShopDao.insertShop - <==    Updates: 1
2020-06-28 15:09:49.830 [main] DEBUG com.liuurick.o2o.util.ImageUtil - current relativeAddr is :\upload\images\item\shop\2\2020062815094970766.jpg
2020-06-28 15:09:49.832 [main] DEBUG com.liuurick.o2o.util.ImageUtil - current complete addr is :C:\Users\admin\Desktop\work\image\upload\images\item\shop\2\2020062815094970766.jpg
2020-06-28 15:09:49.832 [main] DEBUG com.liuurick.o2o.util.ImageUtil - basePath is :/E:/IDEA/code/o2o/target/test-classes/
2020-06-28 15:12:34.136 [main] DEBUG com.liuurick.o2o.dao.ShopDao.insertShop - ==>  Preparing: insert into tb_shop(owner_id, area_id, shop_category_id, shop_name, shop_desc, shop_addr, phone, shop_img, priority, create_time, last_edit_time, enable_status, advice) values (?,?,?,?, ?,?,?,?,?, ?,?, ?,?)
2020-06-28 15:12:34.176 [main] DEBUG com.liuurick.o2o.dao.ShopDao.insertShop - ==> Parameters: 1(Long), 2(Integer), 1(Long), 测试的店铺3(String), test3(String), test3(String), test3(String), null, null, 2020-06-28 15:12:34.116(Timestamp), 2020-06-28 15:12:34.116(Timestamp), 0(Integer), 审核中(String)
2020-06-28 15:12:34.176 [main] DEBUG com.liuurick.o2o.dao.ShopDao.insertShop - <==    Updates: 1
2020-06-28 15:12:34.206 [main] DEBUG com.liuurick.o2o.util.ImageUtil - current relativeAddr is :\upload\images\item\shop\3\2020062815123442460.jpg
2020-06-28 15:12:34.206 [main] DEBUG com.liuurick.o2o.util.ImageUtil - current complete addr is :C:\Users\admin\Desktop\work\image\upload\images\item\shop\3\2020062815123442460.jpg
2020-06-28 15:12:34.206 [main] DEBUG com.liuurick.o2o.util.ImageUtil - basePath is :/E:/IDEA/code/o2o/target/test-classes/
2020-06-28 15:19:17.886 [main] DEBUG com.liuurick.o2o.dao.ShopDao.insertShop - ==>  Preparing: insert into tb_shop(owner_id, area_id, shop_category_id, shop_name, shop_desc, shop_addr, phone, shop_img, priority, create_time, last_edit_time, enable_status, advice) values (?,?,?,?, ?,?,?,?,?, ?,?, ?,?)
2020-06-28 15:19:17.933 [main] DEBUG com.liuurick.o2o.dao.ShopDao.insertShop - ==> Parameters: 1(Long), 2(Integer), 1(Long), 测试的店铺3(String), test3(String), test3(String), test3(String), null, null, 2020-06-28 15:19:17.862(Timestamp), 2020-06-28 15:19:17.862(Timestamp), 0(Integer), 审核中(String)
2020-06-28 15:19:17.934 [main] DEBUG com.liuurick.o2o.dao.ShopDao.insertShop - <==    Updates: 1
2020-06-28 15:19:17.972 [main] DEBUG com.liuurick.o2o.util.ImageUtil - current relativeAddr is :\upload\images\item\shop\4\2020062815191730411.jpg
2020-06-28 15:19:17.973 [main] DEBUG com.liuurick.o2o.util.ImageUtil - current complete addr is :C:\Users\admin\Desktop\work\image\upload\images\item\shop\4\2020062815191730411.jpg
2020-06-28 15:19:17.973 [main] DEBUG com.liuurick.o2o.util.ImageUtil - basePath is :/E:/IDEA/code/o2o/target/test-classes/
2020-06-28 15:25:44.679 [main] DEBUG com.liuurick.o2o.dao.ShopDao.insertShop - ==>  Preparing: insert into tb_shop(owner_id, area_id, shop_category_id, shop_name, shop_desc, shop_addr, phone, shop_img, priority, create_time, last_edit_time, enable_status, advice) values (?,?,?,?, ?,?,?,?,?, ?,?, ?,?)
2020-06-28 15:25:44.727 [main] DEBUG com.liuurick.o2o.dao.ShopDao.insertShop - ==> Parameters: 1(Long), 2(Integer), 1(Long), 测试的店铺3(String), test3(String), test3(String), test3(String), null, null, 2020-06-28 15:25:44.657(Timestamp), 2020-06-28 15:25:44.657(Timestamp), 0(Integer), 审核中(String)
2020-06-28 15:25:44.728 [main] DEBUG com.liuurick.o2o.dao.ShopDao.insertShop - <==    Updates: 1
2020-06-28 15:25:44.756 [main] DEBUG com.liuurick.o2o.util.ImageUtil - current relativeAddr is :\upload\images\item\shop\5\2020062815254473606.jpg
2020-06-28 15:25:44.756 [main] DEBUG com.liuurick.o2o.util.ImageUtil - current complete addr is :C:\Users\admin\Desktop\work\image\upload\images\item\shop\5\2020062815254473606.jpg
2020-06-28 15:25:44.756 [main] DEBUG com.liuurick.o2o.util.ImageUtil - basePath is :/E:/IDEA/code/o2o/target/test-classes/
2020-06-28 15:27:07.402 [main] DEBUG com.liuurick.o2o.dao.ShopDao.insertShop - ==>  Preparing: insert into tb_shop(owner_id, area_id, shop_category_id, shop_name, shop_desc, shop_addr, phone, shop_img, priority, create_time, last_edit_time, enable_status, advice) values (?,?,?,?, ?,?,?,?,?, ?,?, ?,?)
2020-06-28 15:27:07.452 [main] DEBUG com.liuurick.o2o.dao.ShopDao.insertShop - ==> Parameters: 1(Long), 2(Integer), 1(Long), 测试的店铺3(String), test3(String), test3(String), test3(String), null, null, 2020-06-28 15:27:07.373(Timestamp), 2020-06-28 15:27:07.373(Timestamp), 0(Integer), 审核中(String)
2020-06-28 15:27:07.454 [main] DEBUG com.liuurick.o2o.dao.ShopDao.insertShop - <==    Updates: 1
2020-06-28 15:27:07.480 [main] DEBUG com.liuurick.o2o.util.ImageUtil - current relativeAddr is :\upload\images\item\shop\6\2020062815270732747.jpg
2020-06-28 15:27:07.481 [main] DEBUG com.liuurick.o2o.util.ImageUtil - current complete addr is :C:\Users\admin\Desktop\work\image\upload\images\item\shop\6\2020062815270732747.jpg
2020-06-28 15:27:07.482 [main] DEBUG com.liuurick.o2o.util.ImageUtil - basePath is :/E:/IDEA/code/o2o/target/test-classes/
2020-06-28 15:40:38.284 [main] DEBUG com.liuurick.o2o.dao.ShopDao.insertShop - ==>  Preparing: insert into tb_shop(owner_id, area_id, shop_category_id, shop_name, shop_desc, shop_addr, phone, shop_img, priority, create_time, last_edit_time, enable_status, advice) values (?,?,?,?, ?,?,?,?,?, ?,?, ?,?)
2020-06-28 15:40:38.331 [main] DEBUG com.liuurick.o2o.dao.ShopDao.insertShop - ==> Parameters: 1(Long), 2(Integer), 1(Long), 测试的店铺3(String), test3(String), test3(String), test3(String), null, null, 2020-06-28 15:40:38.263(Timestamp), 2020-06-28 15:40:38.263(Timestamp), 0(Integer), 审核中(String)
2020-06-28 15:40:38.333 [main] DEBUG com.liuurick.o2o.dao.ShopDao.insertShop - <==    Updates: 1
2020-06-28 15:40:38.368 [main] DEBUG com.liuurick.o2o.util.ImageUtil - current relativeAddr is :\upload\images\item\shop\7\2020062815403827626.jpg
2020-06-28 15:40:38.374 [main] DEBUG com.liuurick.o2o.util.ImageUtil - current complete addr is :C:\Users\admin\Desktop\work\image\upload\images\item\shop\7\2020062815403827626.jpg
2020-06-28 15:40:38.382 [main] DEBUG com.liuurick.o2o.util.ImageUtil - basePath is :/E:/IDEA/code/o2o/target/test-classes/
2020-06-28 15:47:59.850 [main] DEBUG com.liuurick.o2o.dao.ShopDao.insertShop - ==>  Preparing: insert into tb_shop(owner_id, area_id, shop_category_id, shop_name, shop_desc, shop_addr, phone, shop_img, priority, create_time, last_edit_time, enable_status, advice) values (?,?,?,?, ?,?,?,?,?, ?,?, ?,?)
2020-06-28 15:47:59.907 [main] DEBUG com.liuurick.o2o.dao.ShopDao.insertShop - ==> Parameters: 1(Long), 2(Integer), 1(Long), 测试的店铺3(String), test3(String), test3(String), test3(String), null, null, 2020-06-28 15:47:59.816(Timestamp), 2020-06-28 15:47:59.816(Timestamp), 0(Integer), 审核中(String)
2020-06-28 15:47:59.908 [main] DEBUG com.liuurick.o2o.dao.ShopDao.insertShop - <==    Updates: 1
2020-06-28 15:47:59.933 [main] DEBUG com.liuurick.o2o.util.ImageUtil - current relativeAddr is :\upload\images\item\shop\8\2020062815475953089.jpg
2020-06-28 15:47:59.933 [main] DEBUG com.liuurick.o2o.util.ImageUtil - current complete addr is :C:\Users\admin\Desktop\work\image\upload\images\item\shop\8\2020062815475953089.jpg
2020-06-28 15:47:59.934 [main] DEBUG com.liuurick.o2o.util.ImageUtil - basePath is :/E:/IDEA/code/o2o/target/test-classes/
2020-06-28 15:55:08.231 [main] DEBUG com.liuurick.o2o.dao.ShopDao.insertShop - ==>  Preparing: insert into tb_shop(owner_id, area_id, shop_category_id, shop_name, shop_desc, shop_addr, phone, shop_img, priority, create_time, last_edit_time, enable_status, advice) values (?,?,?,?, ?,?,?,?,?, ?,?, ?,?)
2020-06-28 15:55:08.275 [main] DEBUG com.liuurick.o2o.dao.ShopDao.insertShop - ==> Parameters: 1(Long), 2(Integer), 1(Long), 测试的店铺3(String), test3(String), test3(String), test3(String), null, null, 2020-06-28 15:55:08.209(Timestamp), 2020-06-28 15:55:08.209(Timestamp), 0(Integer), 审核中(String)
2020-06-28 15:55:08.276 [main] DEBUG com.liuurick.o2o.dao.ShopDao.insertShop - <==    Updates: 1
2020-06-28 15:55:08.305 [main] DEBUG com.liuurick.o2o.util.ImageUtil - current relativeAddr is :\upload\images\item\shop\9\2020062815550841499.jpg
2020-06-28 15:55:08.306 [main] DEBUG com.liuurick.o2o.util.ImageUtil - current complete addr is :C:\Users\admin\Desktop\work\image\upload\images\item\shop\9\2020062815550841499.jpg
2020-06-28 15:55:08.307 [main] DEBUG com.liuurick.o2o.util.ImageUtil - basePath is :/E:/IDEA/code/o2o/target/test-classes/
2020-06-28 15:57:06.312 [main] DEBUG com.liuurick.o2o.dao.ShopDao.updateShop - ==>  Preparing: update tb_shop SET shop_name=?, phone=?, advice=? where shop_id=?
2020-06-28 15:57:06.349 [main] DEBUG com.liuurick.o2o.dao.ShopDao.updateShop - ==> Parameters: 1111喜茶(String), 13125315316(String), 312412(String), 1(Long)
2020-06-28 15:57:06.355 [main] DEBUG com.liuurick.o2o.dao.ShopDao.updateShop - <==    Updates: 1
2020-06-28 15:57:45.722 [main] DEBUG com.liuurick.o2o.dao.ShopDao.updateShop - ==>  Preparing: update tb_shop SET shop_name=?, phone=?, last_edit_time=? advice=? where shop_id=?
2020-06-28 15:57:45.760 [main] DEBUG com.liuurick.o2o.dao.ShopDao.updateShop - ==> Parameters: 1111喜茶(String), 13125315316(String), 2020-06-28 15:57:45.39(Timestamp), 312412(String), 1(Long)
2020-06-28 15:58:24.170 [main] DEBUG com.liuurick.o2o.dao.ShopDao.updateShop - ==>  Preparing: update tb_shop SET shop_name=?, phone=?, advice=? where shop_id=?
2020-06-28 15:58:24.209 [main] DEBUG com.liuurick.o2o.dao.ShopDao.updateShop - ==> Parameters: 1111喜茶(String), 13125315316(String), 312412(String), 1(Long)
2020-06-28 15:58:24.214 [main] DEBUG com.liuurick.o2o.dao.ShopDao.updateShop - <==    Updates: 1
2020-06-28 15:59:09.237 [main] DEBUG com.liuurick.o2o.dao.ShopDao.insertShop - ==>  Preparing: insert into tb_shop(owner_id, area_id, shop_category_id, shop_name, shop_desc, shop_addr, phone, shop_img, priority, create_time, last_edit_time, enable_status, advice) values (?,?,?,?, ?,?,?,?,?, ?,?, ?,?)
2020-06-28 15:59:09.274 [main] DEBUG com.liuurick.o2o.dao.ShopDao.insertShop - ==> Parameters: 1(Long), 1(Integer), 1(Long), 喜茶(String), null, null, test(String), null, null, null, null, 1(Integer), test(String)
2020-06-28 15:59:09.283 [main] DEBUG com.liuurick.o2o.dao.ShopDao.insertShop - <==    Updates: 1
2020-06-28 16:20:37.619 [main] DEBUG com.liuurick.o2o.dao.ShopDao.insertShop - ==>  Preparing: insert into tb_shop(owner_id, area_id, shop_category_id, shop_name, shop_desc, shop_addr, phone, shop_img, priority, create_time, last_edit_time, enable_status, advice) values (?,?,?,?, ?,?,?,?,?, ?,?, ?,?)
2020-06-28 16:20:37.663 [main] DEBUG com.liuurick.o2o.dao.ShopDao.insertShop - ==> Parameters: 1(Long), 2(Integer), 1(Long), 测试的店铺3(String), test3(String), test3(String), test3(String), null, null, 2020-06-28 16:20:37.596(Timestamp), 2020-06-28 16:20:37.596(Timestamp), 0(Integer), 审核中(String)
2020-06-28 16:20:37.665 [main] DEBUG com.liuurick.o2o.dao.ShopDao.insertShop - <==    Updates: 1
2020-06-28 16:20:37.690 [main] DEBUG com.liuurick.o2o.util.ImageUtil - current relativeAddr is :\upload\images\item\shop\11\2020062816203755755.jpg
2020-06-28 16:20:37.691 [main] DEBUG com.liuurick.o2o.util.ImageUtil - current complete addr is :C:\Users\admin\Desktop\work\image\upload\images\item\shop\11\2020062816203755755.jpg
2020-06-28 16:20:37.691 [main] DEBUG com.liuurick.o2o.util.ImageUtil - basePath is :/E:/IDEA/code/o2o/target/test-classes/
2020-06-28 16:23:19.394 [main] DEBUG com.liuurick.o2o.dao.ShopDao.insertShop - ==>  Preparing: insert into tb_shop(owner_id, area_id, shop_category_id, shop_name, shop_desc, shop_addr, phone, shop_img, priority, create_time, last_edit_time, enable_status, advice) values (?,?,?,?, ?,?,?,?,?, ?,?, ?,?)
2020-06-28 16:23:19.445 [main] DEBUG com.liuurick.o2o.dao.ShopDao.insertShop - ==> Parameters: 1(Long), 1(Integer), 1(Long), 喜茶(String), null, null, test(String), null, null, 2020-06-28 16:23:19.022(Timestamp), 2020-06-28 16:23:19.022(Timestamp), 1(Integer), test(String)
2020-06-28 16:23:19.449 [main] DEBUG com.liuurick.o2o.dao.ShopDao.insertShop - <==    Updates: 1
2020-06-28 16:24:21.585 [main] DEBUG com.liuurick.o2o.dao.ShopDao.updateShop - ==>  Preparing: update tb_shop SET shop_name=?, phone=?, last_edit_time=? advice=? where shop_id=?
2020-06-28 16:24:21.619 [main] DEBUG com.liuurick.o2o.dao.ShopDao.updateShop - ==> Parameters: 1111喜茶(String), 13125315316(String), 2020-06-28 16:24:21.249(Timestamp), 312412(String), 1(Long)
2020-06-28 16:28:50.865 [main] DEBUG com.liuurick.o2o.dao.ShopDao.insertShop - ==>  Preparing: insert into tb_shop(owner_id, area_id, shop_category_id, shop_name, shop_desc, shop_addr, phone, shop_img, priority, create_time, last_edit_time, enable_status, advice) values (?,?,?,?, ?,?,?,?,?, ?,?, ?,?)
2020-06-28 16:28:50.905 [main] DEBUG com.liuurick.o2o.dao.ShopDao.insertShop - ==> Parameters: 1(Long), 2(Integer), 1(Long), 测试的店铺3(String), test3(String), test3(String), test3(String), null, null, 2020-06-28 16:28:50.842(Timestamp), 2020-06-28 16:28:50.842(Timestamp), 0(Integer), 审核中(String)
2020-06-28 16:28:50.907 [main] DEBUG com.liuurick.o2o.dao.ShopDao.insertShop - <==    Updates: 1
2020-06-28 16:28:50.933 [main] DEBUG com.liuurick.o2o.util.ImageUtil - current relativeAddr is :\upload\images\item\shop\13\2020062816285044782.jpg
2020-06-28 16:28:50.935 [main] DEBUG com.liuurick.o2o.util.ImageUtil - current complete addr is :C:\Users\admin\Desktop\work\image\upload\images\item\shop\13\2020062816285044782.jpg
2020-06-28 16:28:50.935 [main] DEBUG com.liuurick.o2o.util.ImageUtil - basePath is :/E:/IDEA/code/o2o/target/test-classes/
2020-06-28 17:38:55.184 [main] DEBUG com.liuurick.o2o.dao.ShopDao.insertShop - ==>  Preparing: insert into tb_shop(owner_id, area_id, shop_category_id, shop_name, shop_desc, shop_addr, phone, shop_img, priority, create_time, last_edit_time, enable_status, advice) values (?,?,?,?, ?,?,?,?,?, ?,?, ?,?)
2020-06-28 17:38:55.231 [main] DEBUG com.liuurick.o2o.dao.ShopDao.insertShop - ==> Parameters: 1(Long), 2(Integer), 1(Long), 测试的店铺3(String), test3(String), test3(String), test3(String), null, null, 2020-06-28 17:38:55.163(Timestamp), 2020-06-28 17:38:55.163(Timestamp), 1(Integer), 审核中(String)
2020-06-28 17:38:55.233 [main] DEBUG com.liuurick.o2o.dao.ShopDao.insertShop - <==    Updates: 1
2020-06-28 17:38:55.261 [main] DEBUG com.liuurick.o2o.util.ImageUtil - current relativeAddr is :\upload\images\item\shop\14\2020062817385536060.jpg
2020-06-28 17:38:55.262 [main] DEBUG com.liuurick.o2o.util.ImageUtil - current complete addr is :C:\Users\admin\Desktop\work\image\upload\images\item\shop\14\2020062817385536060.jpg
2020-06-28 17:38:55.262 [main] DEBUG com.liuurick.o2o.util.ImageUtil - basePath is :/E:/IDEA/code/o2o/target/test-classes/
2020-06-28 17:41:29.628 [main] DEBUG com.liuurick.o2o.dao.ShopDao.insertShop - ==>  Preparing: insert into tb_shop(owner_id, area_id, shop_category_id, shop_name, shop_desc, shop_addr, phone, shop_img, priority, create_time, last_edit_time, enable_status, advice) values (?,?,?,?, ?,?,?,?,?, ?,?, ?,?)
2020-06-28 17:41:29.669 [main] DEBUG com.liuurick.o2o.dao.ShopDao.insertShop - ==> Parameters: 1(Long), 2(Integer), 1(Long), 测试的店铺3(String), test3(String), test3(String), test3(String), null, null, 2020-06-28 17:41:29.607(Timestamp), 2020-06-28 17:41:29.607(Timestamp), 1(Integer), 审核中(String)
2020-06-28 17:41:29.670 [main] DEBUG com.liuurick.o2o.dao.ShopDao.insertShop - <==    Updates: 1
2020-06-28 17:41:29.697 [main] DEBUG com.liuurick.o2o.util.ImageUtil - current relativeAddr is :\upload\images\item\shop\15\2020062817412942948.jpg
2020-06-28 17:41:29.698 [main] DEBUG com.liuurick.o2o.util.ImageUtil - current complete addr is :C:\Users\admin\Desktop\work\image\\upload\images\item\shop\15\2020062817412942948.jpg
2020-06-28 17:41:29.698 [main] DEBUG com.liuurick.o2o.util.ImageUtil - basePath is :/E:/IDEA/code/o2o/target/test-classes/
2020-06-28 17:42:39.465 [main] DEBUG com.liuurick.o2o.dao.ShopDao.insertShop - ==>  Preparing: insert into tb_shop(owner_id, area_id, shop_category_id, shop_name, shop_desc, shop_addr, phone, shop_img, priority, create_time, last_edit_time, enable_status, advice) values (?,?,?,?, ?,?,?,?,?, ?,?, ?,?)
2020-06-28 17:42:39.515 [main] DEBUG com.liuurick.o2o.dao.ShopDao.insertShop - ==> Parameters: 1(Long), 2(Integer), 1(Long), 测试的店铺3(String), test3(String), test3(String), test3(String), null, null, 2020-06-28 17:42:39.44(Timestamp), 2020-06-28 17:42:39.44(Timestamp), 1(Integer), 审核中(String)
2020-06-28 17:42:39.516 [main] DEBUG com.liuurick.o2o.dao.ShopDao.insertShop - <==    Updates: 1
2020-06-28 17:42:39.546 [main] DEBUG com.liuurick.o2o.util.ImageUtil - current relativeAddr is :\upload\images\item\shop\16\2020062817423980138.jpg
2020-06-28 17:42:39.547 [main] DEBUG com.liuurick.o2o.util.ImageUtil - current complete addr is :C:\Users\admin\Desktop\work\image\\upload\images\item\shop\16\2020062817423980138.jpg
2020-06-28 17:42:39.547 [main] DEBUG com.liuurick.o2o.util.ImageUtil - basePath is :/E:/IDEA/code/o2o/target/test-classes/
2020-06-28 17:47:28.011 [main] DEBUG com.liuurick.o2o.dao.ShopDao.insertShop - ==>  Preparing: insert into tb_shop(owner_id, area_id, shop_category_id, shop_name, shop_desc, shop_addr, phone, shop_img, priority, create_time, last_edit_time, enable_status, advice) values (?,?,?,?, ?,?,?,?,?, ?,?, ?,?)
2020-06-28 17:47:28.050 [main] DEBUG com.liuurick.o2o.dao.ShopDao.insertShop - ==> Parameters: 1(Long), 1(Integer), 1(Long), 喜茶(String), null, null, test(String), null, null, 2020-06-28 17:47:27.704(Timestamp), 2020-06-28 17:47:27.704(Timestamp), 1(Integer), test(String)
2020-06-28 17:47:28.052 [main] DEBUG com.liuurick.o2o.dao.ShopDao.insertShop - <==    Updates: 1
2020-06-28 17:48:42.168 [main] DEBUG com.liuurick.o2o.dao.ShopDao.insertShop - ==>  Preparing: insert into tb_shop(owner_id, area_id, shop_category_id, shop_name, shop_desc, shop_addr, phone, shop_img, priority, create_time, last_edit_time, enable_status, advice) values (?,?,?,?, ?,?,?,?,?, ?,?, ?,?)
2020-06-28 17:48:42.213 [main] DEBUG com.liuurick.o2o.dao.ShopDao.insertShop - ==> Parameters: 1(Long), 2(Integer), 1(Long), 测试的店铺3(String), test3(String), test3(String), test3(String), null, null, 2020-06-28 17:48:42.143(Timestamp), 2020-06-28 17:48:42.143(Timestamp), 1(Integer), 审核中(String)
2020-06-28 17:48:42.215 [main] DEBUG com.liuurick.o2o.dao.ShopDao.insertShop - <==    Updates: 1
2020-06-28 17:48:42.244 [main] DEBUG com.liuurick.o2o.util.ImageUtil - current relativeAddr is :\upload\images\item\shop\18\2020062817484226102.jpg
2020-06-28 17:48:42.245 [main] DEBUG com.liuurick.o2o.util.ImageUtil - current complete addr is :C:\Users\admin\Desktop\work\image\\upload\images\item\shop\18\2020062817484226102.jpg
2020-06-28 17:48:42.245 [main] DEBUG com.liuurick.o2o.util.ImageUtil - basePath is :/E:/IDEA/code/o2o/target/test-classes/
2020-06-28 17:54:04.272 [main] DEBUG com.liuurick.o2o.dao.ShopDao.insertShop - ==>  Preparing: insert into tb_shop(owner_id, area_id, shop_category_id, shop_name, shop_desc, shop_addr, phone, shop_img, priority, create_time, last_edit_time, enable_status, advice) values (?,?,?,?, ?,?,?,?,?, ?,?, ?,?)
2020-06-28 17:54:04.337 [main] DEBUG com.liuurick.o2o.dao.ShopDao.insertShop - ==> Parameters: 1(Long), 2(Integer), 1(Long), 测试的店铺1(String), test1(String), test1(String), test1(String), null, null, 2020-06-28 17:54:04.241(Timestamp), 2020-06-28 17:54:04.241(Timestamp), 1(Integer), 审核中(String)
2020-06-28 17:54:04.339 [main] DEBUG com.liuurick.o2o.dao.ShopDao.insertShop - <==    Updates: 1
2020-06-28 17:54:04.369 [main] DEBUG com.liuurick.o2o.util.ImageUtil - current relativeAddr is :upload\images\item\shop\19\2020062817540460441.jpg
2020-06-28 17:54:04.369 [main] DEBUG com.liuurick.o2o.util.ImageUtil - current complete addr is :C:\Users\admin\Desktop\work\image\upload\images\item\shop\19\2020062817540460441.jpg
2020-06-28 17:54:04.370 [main] DEBUG com.liuurick.o2o.util.ImageUtil - basePath is :/E:/IDEA/code/o2o/target/test-classes/
2020-06-28 18:02:59.979 [main] DEBUG com.liuurick.o2o.dao.ShopDao.insertShop - ==>  Preparing: insert into tb_shop(owner_id, area_id, shop_category_id, shop_name, shop_desc, shop_addr, phone, shop_img, priority, create_time, last_edit_time, enable_status, advice) values (?,?,?,?, ?,?,?,?,?, ?,?, ?,?)
2020-06-28 18:03:00.038 [main] DEBUG com.liuurick.o2o.dao.ShopDao.insertShop - ==> Parameters: 1(Long), 2(Integer), 1(Long), 测试的店铺1(String), test1(String), test1(String), test1(String), null, null, 2020-06-28 18:02:59.954(Timestamp), 2020-06-28 18:02:59.954(Timestamp), 1(Integer), 审核中(String)
2020-06-28 18:03:00.041 [main] DEBUG com.liuurick.o2o.dao.ShopDao.insertShop - <==    Updates: 1
2020-06-28 18:03:00.080 [main] DEBUG com.liuurick.o2o.util.ImageUtil - current relativeAddr is :upload\images\item\shop\20\2020062818030084496.jpg
2020-06-28 18:03:00.082 [main] DEBUG com.liuurick.o2o.util.ImageUtil - current complete addr is :C:\Users\admin\Desktop\work\image\upload\images\item\shop\20\2020062818030084496.jpg
2020-06-28 18:03:00.082 [main] DEBUG com.liuurick.o2o.util.ImageUtil - basePath is :/E:/IDEA/code/o2o/target/test-classes/
2020-06-28 18:03:00.308 [main] DEBUG com.liuurick.o2o.dao.ShopDao.updateShop - ==>  Preparing: update tb_shop SET area_id=?, shop_category_id=?, shop_name=?, shop_desc=?, shop_addr=?, phone=?, shop_img=?, last_edit_time=? enable_status=? advice=? where shop_id=?
2020-06-28 18:03:00.308 [main] DEBUG com.liuurick.o2o.dao.ShopDao.updateShop - ==> Parameters: 2(Integer), 1(Long), 测试的店铺1(String), test1(String), test1(String), test1(String), upload\images\item\shop\20\2020062818030084496.jpg(String), 2020-06-28 18:02:59.954(Timestamp), 1(Integer), 审核中(String), 20(Long)
2020-06-28 18:15:11.568 [main] DEBUG com.liuurick.o2o.dao.ShopDao.insertShop - ==>  Preparing: insert into tb_shop(owner_id, area_id, shop_category_id, shop_name, shop_desc, shop_addr, phone, shop_img, priority, create_time, last_edit_time, enable_status, advice) values (?,?,?,?, ?,?,?,?,?, ?,?, ?,?)
2020-06-28 18:15:11.618 [main] DEBUG com.liuurick.o2o.dao.ShopDao.insertShop - ==> Parameters: 1(Long), 2(Integer), 1(Long), 测试的店铺1(String), test1(String), test1(String), test1(String), null, null, 2020-06-28 18:15:11.537(Timestamp), 2020-06-28 18:15:11.537(Timestamp), 1(Integer), 审核中(String)
2020-06-28 18:15:11.620 [main] DEBUG com.liuurick.o2o.dao.ShopDao.insertShop - <==    Updates: 1
2020-06-28 18:15:11.646 [main] DEBUG com.liuurick.o2o.util.ImageUtil - current relativeAddr is :upload\images\item\shop\21\2020062818151163922.jpg
2020-06-28 18:15:11.647 [main] DEBUG com.liuurick.o2o.util.ImageUtil - current complete addr is :C:\Users\admin\Desktop\work\image\upload\images\item\shop\21\2020062818151163922.jpg
2020-06-28 18:15:11.648 [main] DEBUG com.liuurick.o2o.util.ImageUtil - basePath is :/E:/IDEA/code/o2o/target/test-classes/
2020-06-28 18:15:11.885 [main] DEBUG com.liuurick.o2o.dao.ShopDao.updateShop - ==>  Preparing: update tb_shop SET shop_name=?, shop_desc=?, shop_addr=?, phone=?, shop_img=?, last_edit_time=?, enable_status=?, advice=?, area_id=?, shop_category_id=? where shop_id=?
2020-06-28 18:15:11.886 [main] DEBUG com.liuurick.o2o.dao.ShopDao.updateShop - ==> Parameters: 测试的店铺1(String), test1(String), test1(String), test1(String), upload\images\item\shop\21\2020062818151163922.jpg(String), 2020-06-28 18:15:11.537(Timestamp), 1(Integer), 审核中(String), 2(Integer), 1(Long), 21(Long)
2020-06-28 18:15:11.887 [main] DEBUG com.liuurick.o2o.dao.ShopDao.updateShop - <==    Updates: 1
2020-06-28 18:18:16.222 [main] DEBUG com.liuurick.o2o.dao.ShopDao.insertShop - ==>  Preparing: insert into tb_shop(owner_id, area_id, shop_category_id, shop_name, shop_desc, shop_addr, phone, shop_img, priority, create_time, last_edit_time, enable_status, advice) values (?,?,?,?, ?,?,?,?,?, ?,?, ?,?)
2020-06-28 18:18:16.263 [main] DEBUG com.liuurick.o2o.dao.ShopDao.insertShop - ==> Parameters: 1(Long), 2(Integer), 1(Long), 测试的店铺1(String), test1(String), test1(String), test1(String), null, null, 2020-06-28 18:18:16.198(Timestamp), 2020-06-28 18:18:16.198(Timestamp), 1(Integer), 审核中(String)
2020-06-28 18:18:16.264 [main] DEBUG com.liuurick.o2o.dao.ShopDao.insertShop - <==    Updates: 1
2020-06-28 18:18:16.292 [main] DEBUG com.liuurick.o2o.util.ImageUtil - current relativeAddr is :upload\images\item\shop\22\2020062818181656662.jpg
2020-06-28 18:18:16.292 [main] DEBUG com.liuurick.o2o.util.ImageUtil - current complete addr is :C:\Users\admin\Desktop\work\image\upload\images\item\shop\22\2020062818181656662.jpg
2020-06-28 18:18:16.293 [main] DEBUG com.liuurick.o2o.util.ImageUtil - basePath is :/E:/IDEA/code/o2o/target/test-classes/
2020-06-28 18:18:16.532 [main] DEBUG com.liuurick.o2o.dao.ShopDao.updateShop - ==>  Preparing: update tb_shop SET shop_name=?, shop_desc=?, shop_addr=?, phone=?, shop_img=?, last_edit_time=?, enable_status=?, advice=?, area_id=?, shop_category_id=? where shop_id=?
2020-06-28 18:18:16.533 [main] DEBUG com.liuurick.o2o.dao.ShopDao.updateShop - ==> Parameters: 测试的店铺1(String), test1(String), test1(String), test1(String), upload\images\item\shop\22\2020062818181656662.jpg(String), 2020-06-28 18:18:16.198(Timestamp), 1(Integer), 审核中(String), 2(Integer), 1(Long), 22(Long)
2020-06-28 18:18:16.534 [main] DEBUG com.liuurick.o2o.dao.ShopDao.updateShop - <==    Updates: 1
